2022-12-06T11:11:01.845Z - info: [ui] [AppStore] loading 0 repositories from store
2022-12-06T11:11:01.868Z - info: [ui] [Welcome] no sign in step found. ignoring...
2022-12-06T11:11:02.250Z - info: [ui] Opt in reported.
2022-12-06T11:11:02.849Z - info: [ui] [Welcome] no sign in step found. ignoring...
2022-12-06T11:11:02.875Z - info: [ui] launching: 2.9.0-linux2 (Linux 6.0.0-5-amd64)
2022-12-06T11:11:02.877Z - info: [ui] execPath: '/usr/lib/github-desktop/github-desktop'
2022-12-06T11:11:02.919Z - info: [ui] [Welcome] no sign in step found. ignoring...
2022-12-06T11:11:05.529Z - info: [ui] [Welcome] advancing to step: SignInToDotComWithBrowser
2022-12-06T11:11:05.529Z - info: [ui] [SignInStore] initializing OAuth flow
2022-12-06T11:11:05.532Z - info: [main] opening in browser: https://github.com/login/oauth/authorize?client_id=3a723b10ac5575cc5bb9&scope=repo%20user%20workflow&state=d5dd0887-3fdc-47a3-b8b1-f6dd0596aec7
2022-12-06T11:11:05.533Z - info: [ui] [Welcome] current sign in state not found. ignoring...
2022-12-06T11:11:24.551Z - info: [ui] [Welcome] kind Authentication is the same as Authentication. ignoring...
2022-12-06T11:12:16.136Z - info: [main] Received possible protocol arguments: 2
2022-12-06T11:12:16.137Z - info: [main] Processing protocol url
2022-12-06T11:12:16.218Z - info: [ui] [Dispatcher] requesting authenticated user
2022-12-06T11:12:16.230Z - info: [ui] [Welcome] kind Authentication is the same as Authentication. ignoring...
2022-12-06T11:12:16.247Z - info: [ui] [Welcome] kind Authentication is the same as Authentication. ignoring...
2022-12-06T11:12:17.221Z - info: [ui] [SignInStore] account resolved
2022-12-06T11:12:17.221Z - info: [ui] [AppStore] adding account PhoenixStarYT (Koen Kist (PhoenixStarYT)) to store
2022-12-06T11:12:17.232Z - info: [ui] [Welcome] advancing to step: ConfigureGit
2022-12-06T11:12:17.393Z - info: [ui] [Welcome] no sign in step found. ignoring...
2022-12-06T11:12:23.000Z - info: [ui] [Welcome] no sign in step found. ignoring...
2022-12-06T11:12:23.421Z - info: [ui] [Welcome] no sign in step found. ignoring...
2022-12-06T11:12:25.227Z - info: [ui] [Welcome] no sign in step found. ignoring...
2022-12-06T11:12:25.249Z - info: [ui] [Welcome] no sign in step found. ignoring...
2022-12-06T11:13:23.971Z - info: [ui] [AppStore] adding repository at /home/koen/GitHub/openbox-psyt to store
